[02/May/2023 14:21:18] INFO [hello.views:30] Se han buscado todos los libros en la BD
[02/May/2023 14:22:47] INFO [hello.views:30] Se han buscado todos los libros en la BD
[02/May/2023 14:22:56] INFO [hello.views:30] Se han buscado todos los libros en la BD
[02/May/2023 14:23:02] INFO [hello.signals:10] root login successful
[02/May/2023 14:23:02] INFO [hello.views:30] Se han buscado todos los libros en la BD
[02/May/2023 14:23:21] INFO [hello.signals:25] root log out successful
[02/May/2023 14:23:21] INFO [hello.views:30] Se han buscado todos los libros en la BD
[02/May/2023 14:25:02] INFO [hello.views:30] Se han buscado todos los libros en la BD
[02/May/2023 14:25:41] INFO [hello.views:30] Se han buscado todos los libros en la BD
[02/May/2023 14:27:59] INFO [hello.views:30] Se han buscado todos los libros en la BD
[02/May/2023 14:28:17] INFO [hello.views:30] Se han buscado todos los libros en la BD
[02/May/2023 14:28:51] INFO [hello.views:30] Se han buscado todos los libros en la BD
[02/May/2023 14:29:07] INFO [hello.views:30] Se han buscado todos los libros en la BD
[02/May/2023 14:31:10] INFO [hello.views:30] Se han buscado todos los libros en la BD
[02/May/2023 14:31:12] INFO [hello.views:30] Se han buscado todos los libros en la BD
[02/May/2023 14:32:36] INFO [hello.views:30] Se han buscado todos los libros en la BD
[02/May/2023 14:33:17] INFO [hello.views:30] Se han buscado todos los libros en la BD
[02/May/2023 14:34:37] INFO [hello.views:30] Se han buscado todos los libros en la BD
[02/May/2023 14:40:24] INFO [hello.views:30] Se han buscado todos los libros en la BD
[02/May/2023 14:40:30] INFO [hello.views:46] Buscando palabra asdf
[02/May/2023 14:40:37] INFO [hello.views:46] Buscando palabra a
[02/May/2023 14:40:45] INFO [hello.views:46] Buscando palabra ejej lo cambie
[02/May/2023 14:40:50] INFO [hello.views:30] Se han buscado todos los libros en la BD
[02/May/2023 14:40:59] INFO [hello.signals:10] root login successful
[02/May/2023 14:40:59] INFO [hello.views:30] Se han buscado todos los libros en la BD
[02/May/2023 14:41:02] INFO [hello.views:30] Se han buscado todos los libros en la BD
[02/May/2023 14:41:07] INFO [hello.views:46] Buscando palabra ejej
[02/May/2023 14:41:16] INFO [hello.views:46] Buscando palabra eje
[02/May/2023 14:41:33] INFO [hello.views:46] Buscando palabra eje
[02/May/2023 14:41:36] INFO [hello.views:30] Se han buscado todos los libros en la BD
[02/May/2023 14:41:45] INFO [hello.views:30] Se han buscado todos los libros en la BD
[02/May/2023 14:41:57] INFO [hello.views:30] Se han buscado todos los libros en la BD
[02/May/2023 14:41:58] INFO [hello.signals:25] root log out successful
[02/May/2023 14:41:58] INFO [hello.views:30] Se han buscado todos los libros en la BD
[02/May/2023 14:46:00] INFO [hello.signals:10] root login successful
[02/May/2023 14:46:00] INFO [hello.views:30] Se han buscado todos los libros en la BD
[02/May/2023 14:46:04] INFO [hello.signals:25] root log out successful
[02/May/2023 14:46:04] INFO [hello.views:30] Se han buscado todos los libros en la BD
[02/May/2023 14:47:11] INFO [hello.views:30] Se han buscado todos los libros en la BD
[02/May/2023 14:47:47] INFO [hello.views:30] Se han buscado todos los libros en la BD
[02/May/2023 14:52:39] INFO [hello.views:30] Se han buscado todos los libros en la BD
[02/May/2023 14:52:39] INFO [hello.views:30] Se han buscado todos los libros en la BD
[02/May/2023 14:52:40] INFO [hello.views:30] Se han buscado todos los libros en la BD
[02/May/2023 14:56:02] INFO [hello.views:30] Se han buscado todos los libros en la BD
[02/May/2023 14:56:21] INFO [hello.views:30] Se han buscado todos los libros en la BD
[02/May/2023 14:56:34] INFO [hello.views:30] Se han buscado todos los libros en la BD
[02/May/2023 14:56:45] INFO [hello.views:30] Se han buscado todos los libros en la BD
[02/May/2023 14:56:53] INFO [hello.views:30] Se han buscado todos los libros en la BD
[02/May/2023 14:57:11] INFO [hello.views:30] Se han buscado todos los libros en la BD
[02/May/2023 14:57:31] INFO [hello.views:30] Se han buscado todos los libros en la BD
[02/May/2023 14:58:02] INFO [hello.views:30] Se han buscado todos los libros en la BD
[02/May/2023 15:03:43] INFO [hello.views:30] Se han buscado todos los libros en la BD
[02/May/2023 15:03:44] INFO [hello.views:30] Se han buscado todos los libros en la BD
[02/May/2023 15:04:46] INFO [hello.views:30] Se han buscado todos los libros en la BD
[02/May/2023 15:04:53] INFO [hello.views:30] Se han buscado todos los libros en la BD
[02/May/2023 15:05:15] INFO [hello.views:30] Se han buscado todos los libros en la BD
[02/May/2023 15:06:05] INFO [hello.views:30] Se han buscado todos los libros en la BD
[02/May/2023 15:06:21] INFO [hello.views:30] Se han buscado todos los libros en la BD
[02/May/2023 15:06:22] INFO [hello.views:30] Se han buscado todos los libros en la BD
[02/May/2023 15:06:35] INFO [hello.views:30] Se han buscado todos los libros en la BD
[02/May/2023 15:06:47] INFO [hello.views:30] Se han buscado todos los libros en la BD
[02/May/2023 15:06:54] INFO [hello.views:30] Se han buscado todos los libros en la BD
[02/May/2023 15:08:11] INFO [hello.views:30] Se han buscado todos los libros en la BD
[02/May/2023 15:08:21] INFO [hello.views:30] Se han buscado todos los libros en la BD
[02/May/2023 15:08:22] INFO [hello.views:30] Se han buscado todos los libros en la BD
[02/May/2023 15:08:45] INFO [hello.views:30] Se han buscado todos los libros en la BD
[02/May/2023 15:08:58] INFO [hello.views:30] Se han buscado todos los libros en la BD
[02/May/2023 15:08:59] INFO [hello.views:30] Se han buscado todos los libros en la BD
[02/May/2023 15:08:59] INFO [hello.views:30] Se han buscado todos los libros en la BD
[02/May/2023 15:09:00] INFO [hello.views:30] Se han buscado todos los libros en la BD
[02/May/2023 15:09:00] INFO [hello.views:30] Se han buscado todos los libros en la BD
[02/May/2023 15:09:00] INFO [hello.views:30] Se han buscado todos los libros en la BD
[02/May/2023 15:09:00] INFO [hello.views:30] Se han buscado todos los libros en la BD
[02/May/2023 15:09:00] INFO [hello.views:30] Se han buscado todos los libros en la BD
[02/May/2023 15:09:01] INFO [hello.views:30] Se han buscado todos los libros en la BD
[02/May/2023 15:09:01] INFO [hello.views:30] Se han buscado todos los libros en la BD
[02/May/2023 15:09:02] INFO [hello.views:30] Se han buscado todos los libros en la BD
[02/May/2023 15:09:04] INFO [hello.views:30] Se han buscado todos los libros en la BD
[02/May/2023 15:09:20] INFO [hello.views:30] Se han buscado todos los libros en la BD
[02/May/2023 15:09:21] INFO [hello.views:30] Se han buscado todos los libros en la BD
[02/May/2023 15:09:22] INFO [hello.views:30] Se han buscado todos los libros en la BD
[02/May/2023 15:09:33] INFO [hello.views:30] Se han buscado todos los libros en la BD
[02/May/2023 15:09:34] INFO [hello.views:30] Se han buscado todos los libros en la BD
[02/May/2023 15:09:34] INFO [hello.views:30] Se han buscado todos los libros en la BD
[02/May/2023 15:09:34] INFO [hello.views:30] Se han buscado todos los libros en la BD
[02/May/2023 15:09:34] INFO [hello.views:30] Se han buscado todos los libros en la BD
[02/May/2023 15:09:35] INFO [hello.views:30] Se han buscado todos los libros en la BD
[02/May/2023 15:09:35] INFO [hello.views:30] Se han buscado todos los libros en la BD
[02/May/2023 15:09:35] INFO [hello.views:30] Se han buscado todos los libros en la BD
[02/May/2023 15:09:36] INFO [hello.views:30] Se han buscado todos los libros en la BD
[02/May/2023 15:09:36] INFO [hello.views:30] Se han buscado todos los libros en la BD
[02/May/2023 15:09:37] INFO [hello.views:30] Se han buscado todos los libros en la BD
[02/May/2023 15:09:39] INFO [hello.views:30] Se han buscado todos los libros en la BD
[02/May/2023 15:09:40] INFO [hello.views:30] Se han buscado todos los libros en la BD
[02/May/2023 15:09:41] INFO [hello.views:30] Se han buscado todos los libros en la BD
[02/May/2023 15:09:41] INFO [hello.views:30] Se han buscado todos los libros en la BD
[02/May/2023 15:10:01] INFO [hello.views:30] Se han buscado todos los libros en la BD
[02/May/2023 15:10:02] INFO [hello.views:30] Se han buscado todos los libros en la BD
[02/May/2023 15:10:04] INFO [hello.views:30] Se han buscado todos los libros en la BD
[02/May/2023 15:10:05] INFO [hello.views:30] Se han buscado todos los libros en la BD
[02/May/2023 15:10:05] INFO [hello.views:30] Se han buscado todos los libros en la BD
[02/May/2023 15:10:05] INFO [hello.views:30] Se han buscado todos los libros en la BD
[02/May/2023 15:10:05] INFO [hello.views:30] Se han buscado todos los libros en la BD
[02/May/2023 15:10:05] INFO [hello.views:30] Se han buscado todos los libros en la BD
[02/May/2023 15:10:06] INFO [hello.views:30] Se han buscado todos los libros en la BD
[02/May/2023 15:10:06] INFO [hello.views:30] Se han buscado todos los libros en la BD
[02/May/2023 15:10:07] INFO [hello.views:30] Se han buscado todos los libros en la BD
[02/May/2023 15:10:21] INFO [hello.views:30] Se han buscado todos los libros en la BD
[02/May/2023 15:10:21] INFO [hello.views:30] Se han buscado todos los libros en la BD
[02/May/2023 15:10:22] INFO [hello.views:30] Se han buscado todos los libros en la BD
[02/May/2023 15:10:31] INFO [hello.views:30] Se han buscado todos los libros en la BD
[02/May/2023 15:10:44] INFO [hello.views:30] Se han buscado todos los libros en la BD
[02/May/2023 15:10:45] INFO [hello.views:30] Se han buscado todos los libros en la BD
[02/May/2023 15:10:46] INFO [hello.views:30] Se han buscado todos los libros en la BD
[02/May/2023 15:10:47] INFO [hello.views:30] Se han buscado todos los libros en la BD
[02/May/2023 15:12:11] INFO [hello.views:30] Se han buscado todos los libros en la BD
[02/May/2023 15:13:08] INFO [hello.views:30] Se han buscado todos los libros en la BD
[02/May/2023 15:13:22] INFO [hello.views:30] Se han buscado todos los libros en la BD
[02/May/2023 15:14:04] INFO [hello.views:30] Se han buscado todos los libros en la BD
[02/May/2023 15:14:28] INFO [hello.views:30] Se han buscado todos los libros en la BD
[02/May/2023 15:21:48] INFO [hello.views:30] Se han buscado todos los libros en la BD
[02/May/2023 15:21:53] INFO [hello.views:30] Se han buscado todos los libros en la BD
[02/May/2023 15:22:26] INFO [hello.views:30] Se han buscado todos los libros en la BD
[02/May/2023 15:22:28] INFO [hello.views:30] Se han buscado todos los libros en la BD
[02/May/2023 15:22:55] INFO [hello.views:30] Se han buscado todos los libros en la BD
[02/May/2023 15:23:54] INFO [hello.views:30] Se han buscado todos los libros en la BD
[02/May/2023 15:24:00] INFO [hello.views:30] Se han buscado todos los libros en la BD
[02/May/2023 15:24:28] INFO [hello.views:30] Se han buscado todos los libros en la BD
[02/May/2023 15:25:44] INFO [hello.views:30] Se han buscado todos los libros en la BD
[02/May/2023 15:25:55] INFO [hello.views:30] Se han buscado todos los libros en la BD
[02/May/2023 15:26:46] INFO [hello.views:30] Se han buscado todos los libros en la BD
[02/May/2023 15:26:47] INFO [hello.views:30] Se han buscado todos los libros en la BD
[02/May/2023 15:28:01] INFO [hello.views:30] Se han buscado todos los libros en la BD
[02/May/2023 15:28:26] INFO [hello.views:30] Se han buscado todos los libros en la BD
[02/May/2023 15:28:51] INFO [hello.views:30] Se han buscado todos los libros en la BD
[02/May/2023 15:31:11] INFO [hello.views:30] Se han buscado todos los libros en la BD
[02/May/2023 15:31:26] INFO [hello.views:30] Se han buscado todos los libros en la BD
[02/May/2023 15:33:01] INFO [hello.views:30] Se han buscado todos los libros en la BD
[02/May/2023 15:33:20] INFO [hello.views:30] Se han buscado todos los libros en la BD
[02/May/2023 15:34:32] INFO [hello.views:30] Se han buscado todos los libros en la BD
[02/May/2023 15:34:37] INFO [hello.views:30] Se han buscado todos los libros en la BD
[02/May/2023 15:34:54] INFO [hello.views:30] Se han buscado todos los libros en la BD
[02/May/2023 15:35:30] INFO [hello.views:30] Se han buscado todos los libros en la BD
[02/May/2023 15:35:32] INFO [hello.views:30] Se han buscado todos los libros en la BD
[02/May/2023 15:35:33] INFO [hello.views:30] Se han buscado todos los libros en la BD
[02/May/2023 15:35:40] INFO [hello.views:30] Se han buscado todos los libros en la BD
[02/May/2023 15:36:14] INFO [hello.views:30] Se han buscado todos los libros en la BD
[02/May/2023 15:36:26] INFO [hello.views:30] Se han buscado todos los libros en la BD
[02/May/2023 15:36:27] INFO [hello.views:30] Se han buscado todos los libros en la BD
[02/May/2023 15:36:36] INFO [hello.views:30] Se han buscado todos los libros en la BD
[02/May/2023 15:36:44] INFO [hello.views:30] Se han buscado todos los libros en la BD
[02/May/2023 15:36:44] INFO [hello.views:30] Se han buscado todos los libros en la BD
[02/May/2023 15:37:49] INFO [hello.views:30] Se han buscado todos los libros en la BD
[02/May/2023 15:38:05] INFO [hello.views:30] Se han buscado todos los libros en la BD
[02/May/2023 15:38:15] INFO [hello.views:30] Se han buscado todos los libros en la BD
[02/May/2023 15:38:16] INFO [hello.views:30] Se han buscado todos los libros en la BD
[02/May/2023 15:38:20] INFO [hello.signals:10] root login successful
[02/May/2023 15:38:20] INFO [hello.views:30] Se han buscado todos los libros en la BD
[02/May/2023 15:38:28] INFO [hello.views:30] Se han buscado todos los libros en la BD
[02/May/2023 15:38:30] INFO [hello.views:30] Se han buscado todos los libros en la BD
[02/May/2023 15:38:31] INFO [hello.views:30] Se han buscado todos los libros en la BD
[02/May/2023 15:38:31] INFO [hello.views:30] Se han buscado todos los libros en la BD
[02/May/2023 15:38:32] INFO [hello.views:30] Se han buscado todos los libros en la BD
[02/May/2023 15:43:44] INFO [hello.views:30] Se han buscado todos los libros en la BD
[02/May/2023 15:43:45] INFO [hello.views:30] Se han buscado todos los libros en la BD
[02/May/2023 15:43:45] INFO [hello.views:30] Se han buscado todos los libros en la BD
[02/May/2023 15:43:49] INFO [hello.views:30] Se han buscado todos los libros en la BD
[02/May/2023 15:43:52] INFO [hello.views:30] Se han buscado todos los libros en la BD
[02/May/2023 15:44:11] INFO [hello.views:30] Se han buscado todos los libros en la BD
[02/May/2023 15:44:50] INFO [hello.views:30] Se han buscado todos los libros en la BD
[02/May/2023 15:44:52] INFO [hello.views:30] Se han buscado todos los libros en la BD
[02/May/2023 15:44:54] INFO [hello.views:30] Se han buscado todos los libros en la BD
[02/May/2023 15:44:58] INFO [hello.views:30] Se han buscado todos los libros en la BD
[02/May/2023 15:45:29] INFO [hello.views:30] Se han buscado todos los libros en la BD
[02/May/2023 15:45:30] INFO [hello.views:30] Se han buscado todos los libros en la BD
[02/May/2023 15:45:32] INFO [hello.views:30] Se han buscado todos los libros en la BD
[02/May/2023 15:45:33] INFO [hello.views:30] Se han buscado todos los libros en la BD
[02/May/2023 15:45:35] INFO [hello.views:30] Se han buscado todos los libros en la BD
[02/May/2023 15:46:06] INFO [hello.views:30] Se han buscado todos los libros en la BD
[02/May/2023 15:46:19] INFO [hello.views:30] Se han buscado todos los libros en la BD
[02/May/2023 15:46:21] INFO [hello.views:30] Se han buscado todos los libros en la BD
[02/May/2023 15:46:21] INFO [hello.views:30] Se han buscado todos los libros en la BD
[02/May/2023 15:46:21] INFO [hello.views:30] Se han buscado todos los libros en la BD
[02/May/2023 15:46:21] INFO [hello.views:30] Se han buscado todos los libros en la BD
[02/May/2023 15:46:21] INFO [hello.views:30] Se han buscado todos los libros en la BD
[02/May/2023 15:46:22] INFO [hello.signals:25] root log out successful
[02/May/2023 15:46:22] INFO [hello.views:30] Se han buscado todos los libros en la BD
[02/May/2023 15:46:26] INFO [hello.signals:10] root login successful
[02/May/2023 15:46:26] INFO [hello.views:30] Se han buscado todos los libros en la BD
